********************************************************************************
DUPLICATOR-LITE PACKAGE-LOG: 2017-07-29 13:34:50
NOTICE: Do NOT post to public sites or forums 
********************************************************************************
VERSION:	1.2.14
WORDPRESS:	4.8
PHP INFO:	5.6.30 | SAPI: apache2handler
SERVER:		Apache/2.4.25 (Win32) OpenSSL/1.0.2j PHP/5.6.30 
PHP TIME LIMIT: (0) no time limit imposed 
PHP MAX MEMORY: 2048M (128M default) 
MEMORY STACK: 17.5MB 

********************************************************************************
DATABASE:
********************************************************************************
BUILD MODE:   PHP(query limit - 100)
MYSQLTIMEOUT: 5000
MYSQLDUMP:    Is Supported 
TABLES: total:13 | filtered:0 | create:13 
FILTERED: [] 
SQL CREATED: Sprint2_accelerate_da3377fef05f4cec3247170729133422_database.sql 
SQL FILE SIZE: 233.94KB (239552) 
SQL FILE TIME: 2017-07-29 13:34:51 
SQL RUNTIME: 0.78 sec. 

******************************************************************************** 
ARCHIVE (ZIP): 
******************************************************************************** 
ARCHIVE DIR:  C:/xampp/htdocs/accelerate 
ARCHIVE FILE: Sprint2_accelerate_da3377fef05f4cec3247170729133422_archive.zip 
FILTERS: *OFF* 
DIRS:
	not set 
FILES:
	not set 
EXTS:  not set 
---------------------------------------- 
COMPRESSING 
SIZE:	46.94MB 
STATS:	Dirs 192 | Files 1,729 
SQL ADDED: Sprint2_accelerate_da3377fef05f4cec3247170729133422_database.sql 
ZipArchive Object
(
    [status] => 0
    [statusSys] => 0
    [numFiles] => 1921
    [filename] => C:\xampp\htdocs\accelerate\wp-snapshots\tmp\Sprint2_accelerate_da3377fef05f4cec3247170729133422_archive.zip
    [comment] => 
)
 
COMPRESSION RESULT: '1' 
COMPRESSED SIZE: 29.3MB 
ARCHIVE RUNTIME: 12.33 sec. 
MEMORY STACK: 18.25MB 

******************************************************************************** 
MAKE INSTALLER: 
******************************************************************************** 
Build Start 
Build Finished 
Preping for use 
Template parsed with new data 
Complete [C:/xampp/htdocs/accelerate/wp-snapshots/tmp/Sprint2_accelerate_da3377fef05f4cec3247170729133422_installer.php] 
Added to archive 

******************************************************************************** 
INTEGRITY CHECKS: 
******************************************************************************** 
SQL File: 233.94KB 
Installer File: 432KB 
Archive File: 29.3MB  

********************************************************************************
RECORD ID:[1]
TOTAL PROCESS RUNTIME: 13.77 sec.
PEAK PHP MEMORY USED: 20.75MB
DONE PROCESSING => Sprint2_accelerate 2017-07-29 13:35:04
 
